<?xml version="1.0" encoding="UTF-8"?>
<!-- Generated by org.testng.reporters.JUnitReportReporter -->
<testsuite hostname="LW-NIRUSH" failures="0" tests="19" name="scenarios.LeaseTest" time="1780.938" errors="1" timestamp="22 Feb 2018 16:00:59 GMT" skipped="2">
  <testcase classname="scenarios.LeaseTest" name="FinanceLease_A3_BI3_IDC1_Ar_Test" time="103.948"/>
  <testcase classname="scenarios.LeaseTest" name="FinanceLease_A3_BI3_IDC1_Ar_Test" time="105.502"/>
  <testcase classname="scenarios.LeaseTest" name="FinanceLease_A3_BI3_IDC1_Ar_Test" time="95.605"/>
  <testcase classname="scenarios.LeaseTest" name="FinanceLease_A3_BI3_IDC1_Ar_Test" time="146.537">
    <error message="Expected condition failed: waiting for element to be clickable: [[InternetExplorerDriver: internet explorer on WINDOWS (166bad6d-7bc4-4ffb-b384-bdc24412c429)] -&gt; id: ctl00_FC_PH_cmdAdd_cmdButtonControl] (tried for 60 second(s) with 500 MILLISECONDS interval)
Build info: version: &#039;3.7.1&#039;, revision: &#039;8a0099a&#039;, time: &#039;2017-11-06T21:07:36.161Z&#039;
System info: host: &#039;LW-NIRUSH&#039;, ip: &#039;192.168.1.169&#039;, os.name: &#039;Windows 10&#039;, os.arch: &#039;amd64&#039;, os.version: &#039;10.0&#039;, java.version: &#039;9.0.4&#039;
Driver info: org.openqa.selenium.ie.InternetExplorerDriver
Capabilities {acceptInsecureCerts: false, browserName: internet explorer, browserVersion: 11, javascriptEnabled: true, pageLoadStrategy: normal, platform: WINDOWS, platformName: WINDOWS, proxy: Proxy(), se:ieOptions: {browserAttachTimeout: 0, elementScrollBehavior: 0, enablePersistentHover: true, ie.browserCommandLineSwitches: , ie.ensureCleanSession: false, ie.fileUploadDialogTimeout: 3000, ie.forceCreateProcessApi: false, ignoreProtectedModeSettings: false, ignoreZoomSetting: false, initialBrowserUrl: http://localhost:32887/, nativeEvents: true, requireWindowFocus: false}, setWindowRect: true, timeouts: {implicit: 0, pageLoad: 300000, script: 30000}}
Session ID: 166bad6d-7bc4-4ffb-b384-bdc24412c429" type="org.openqa.selenium.TimeoutException">
      <![CDATA[org.openqa.selenium.TimeoutException: Expected condition failed: waiting for element to be clickable: [[InternetExplorerDriver: internet explorer on WINDOWS (166bad6d-7bc4-4ffb-b384-bdc24412c429)] -> id: ctl00_FC_PH_cmdAdd_cmdButtonControl] (tried for 60 second(s) with 500 MILLISECONDS interval)Build info: version: '3.7.1', revision: '8a0099a', time: '2017-11-06T21:07:36.161Z'System info: host: 'LW-NIRUSH', ip: '192.168.1.169', os.name: 'Windows 10', os.arch: 'amd64', os.version: '10.0', java.version: '9.0.4'Driver info: org.openqa.selenium.ie.InternetExplorerDriverCapabilities {acceptInsecureCerts: false, browserName: internet explorer, browserVersion: 11, javascriptEnabled: true, pageLoadStrategy: normal, platform: WINDOWS, platformName: WINDOWS, proxy: Proxy(), se:ieOptions: {browserAttachTimeout: 0, elementScrollBehavior: 0, enablePersistentHover: true, ie.browserCommandLineSwitches: , ie.ensureCleanSession: false, ie.fileUploadDialogTimeout: 3000, ie.forceCreateProcessApi: false, ignoreProtectedModeSettings: false, ignoreZoomSetting: false, initialBrowserUrl: http://localhost:32887/, nativeEvents: true, requireWindowFocus: false}, setWindowRect: true, timeouts: {implicit: 0, pageLoad: 300000, script: 30000}}Session ID: 166bad6d-7bc4-4ffb-b384-bdc24412c429at org.openqa.selenium.support.ui.WebDriverWait.timeoutException(WebDriverWait.java:82)at org.openqa.selenium.support.ui.FluentWait.until(FluentWait.java:231)at pom.LeaseBlendedIncome.clickOnCloseButton(LeaseBlendedIncome.java:59)at testScripts.LeaseCreateScripts_Arrears.Lease_A3_BI3_IDC1_Ar(LeaseCreateScripts_Arrears.java:294)at scenarios.LeaseTest.FinanceLease_A3_BI3_IDC1_Ar_Test(LeaseTest.java:62)at java.base/jdk.internal.reflect.NativeMethodAccessorImpl.invoke0(Native Method)at java.base/jdk.internal.reflect.NativeMethodAccessorImpl.invoke(Unknown Source)at java.base/jdk.internal.reflect.DelegatingMethodAccessorImpl.invoke(Unknown Source)at java.base/java.lang.reflect.Method.invoke(Unknown Source)at org.testng.internal.MethodInvocationHelper.invokeMethod(MethodInvocationHelper.java:124)at org.testng.internal.Invoker.invokeMethod(Invoker.java:571)at org.testng.internal.Invoker.invokeTestMethod(Invoker.java:707)at org.testng.internal.Invoker.invokeTestMethods(Invoker.java:979)at org.testng.internal.TestMethodWorker.invokeTestMethods(TestMethodWorker.java:125)at org.testng.internal.TestMethodWorker.run(TestMethodWorker.java:109)at org.testng.TestRunner.privateRun(TestRunner.java:648)at org.testng.TestRunner.run(TestRunner.java:505)at org.testng.SuiteRunner.runTest(SuiteRunner.java:455)at org.testng.SuiteRunner.runSequentially(SuiteRunner.java:450)at org.testng.SuiteRunner.privateRun(SuiteRunner.java:415)at org.testng.SuiteRunner.run(SuiteRunner.java:364)at org.testng.SuiteRunnerWorker.runSuite(SuiteRunnerWorker.java:52)at org.testng.SuiteRunnerWorker.run(SuiteRunnerWorker.java:84)at org.testng.TestNG.runSuitesSequentially(TestNG.java:1187)at org.testng.TestNG.runSuitesLocally(TestNG.java:1116)at org.testng.TestNG.runSuites(TestNG.java:1028)at org.testng.TestNG.run(TestNG.java:996)at org.testng.remote.AbstractRemoteTestNG.run(AbstractRemoteTestNG.java:114)at org.testng.remote.RemoteTestNG.initAndRun(RemoteTestNG.java:251)at org.testng.remote.RemoteTestNG.main(RemoteTestNG.java:77)]]>
    </error>
  </testcase> <!-- FinanceLease_A3_BI3_IDC1_Ar_Test -->
  <testcase classname="scenarios.LeaseTest" name="FinanceLease_A3_BI3_IDC1_Ar_Test" time="103.840"/>
  <testcase classname="scenarios.LeaseTest" name="FinanceLease_A3_BI3_IDC1_Ar_Test" time="93.522"/>
  <testcase classname="scenarios.LeaseTest" name="FinanceLease_A3_BI3_IDC1_Ar_Test" time="94.054"/>
  <testcase classname="scenarios.LeaseTest" name="FinanceLease_A3_BI3_IDC1_Ar_Test" time="93.474"/>
  <testcase classname="scenarios.LeaseTest" name="FinanceLease_A3_BI3_IDC1_Ar_Test" time="95.887"/>
  <testcase classname="scenarios.LeaseTest" name="FinanceLease_A3_BI3_IDC1_Ar_Test" time="94.617"/>
  <testcase classname="scenarios.LeaseTest" name="FinanceLease_A3_BI3_IDC1_Ar_Test" time="104.389"/>
  <testcase classname="scenarios.LeaseTest" name="FinanceLease_A3_BI3_IDC1_Ar_Test" time="146.335"/>
  <testcase classname="scenarios.LeaseTest" name="FinanceLease_A3_BI3_IDC1_Ar_Test" time="103.881"/>
  <testcase classname="scenarios.LeaseTest" name="FinanceLease_A3_BI3_IDC1_Ar_Test" time="92.791"/>
  <testcase classname="scenarios.LeaseTest" name="FinanceLease_A3_BI3_IDC1_Ar_Test" time="103.702"/>
  <testcase classname="scenarios.LeaseTest" name="FinanceLease_A3_BI3_IDC1_Ar_Test" time="97.132"/>
  <testcase classname="scenarios.LeaseTest" name="FinanceLease_A3_BI3_IDC1_Ar_Test" time="105.722"/>
  <testcase classname="scenarios.LeaseTest" name="FinanceLease_A3_BI3_IDC1_Ad_Test">
    <skipped/>
  </testcase> <!-- FinanceLease_A3_BI3_IDC1_Ad_Test -->
  <testcase classname="scenarios.LeaseTest" name="OperatingLease_A3_BI3_IDC1_Ad_Test">
    <skipped/>
  </testcase> <!-- OperatingLease_A3_BI3_IDC1_Ad_Test -->
</testsuite> <!-- scenarios.LeaseTest -->
